<?xml version="1.0" encoding="UTF-8"?>
<!-- Generated by org.testng.reporters.JUnitReportReporter -->
<testsuite hostname="QSP" failures="0" tests="1" name="testng.Testcase3" time="13.181" errors="0" timestamp="2022-03-26T11:51:40 IST" skipped="0">
  <testcase classname="testng.Testcase3" name="tc3" time="13.181"/>
</testsuite> <!-- testng.Testcase3 -->
