<?xml version="1.0" encoding="UTF-8"?>
<!-- Generated by org.testng.reporters.JUnitReportReporter -->
<testsuite hostname="QSP" failures="0" tests="1" name="testng.Testcase1" time="20.521" errors="0" timestamp="2022-03-26T11:57:49 IST" skipped="0">
  <testcase classname="testng.Testcase1" name="tc1" time="20.521"/>
</testsuite> <!-- testng.Testcase1 -->
