<?xml version="1.0" encoding="UTF-8"?>
<!-- Generated by org.testng.reporters.JUnitReportReporter -->
<testsuite hostname="QSP" failures="0" tests="2" name="testng.Parallel" time="89.986" errors="0" timestamp="2022-03-25T09:25:05 IST" skipped="0">
  <testcase classname="testng.Parallel" name="tc1" time="53.187"/>
  <testcase classname="testng.Parallel" name="tc1" time="36.799"/>
</testsuite> <!-- testng.Parallel -->
