<?xml version="1.0" encoding="UTF-8"?>
<!-- Generated by org.testng.reporters.JUnitReportReporter -->
<testsuite hostname="QSP" failures="0" tests="1" name="testng.Test2" time="0.052" errors="0" timestamp="2022-03-25T08:29:51 IST" skipped="0">
  <testcase classname="testng.Test2" name="testmethod" time="0.052"/>
</testsuite> <!-- testng.Test2 -->
