<?xml version="1.0" encoding="UTF-8"?>
<!-- Generated by org.testng.reporters.JUnitReportReporter -->
<testsuite hostname="QSP" failures="0" tests="1" name="testng.Testcase3" time="16.307" errors="0" timestamp="2022-03-25T08:57:16 IST" skipped="0">
  <testcase classname="testng.Testcase3" name="tc3" time="16.307"/>
</testsuite> <!-- testng.Testcase3 -->
