<?xml version="1.0" encoding="UTF-8"?>
<!-- Generated by org.testng.reporters.JUnitReportReporter -->
<testsuite hostname="QSP" failures="0" tests="5" name="testng.Test1" time="0.041" errors="0" timestamp="2022-03-24T09:33:13 IST" skipped="1">
  <testcase classname="testng.Test1" name="chats" time="0.029"/>
  <testcase classname="testng.Test1" name="chats" time="0.002"/>
  <testcase classname="testng.Test1" name="settings" time="0.004"/>
  <testcase classname="testng.Test1" name="chats" time="0.006"/>
  <testcase classname="testng.Test1" name="calls">
    <skipped/>
  </testcase> <!-- calls -->
</testsuite> <!-- testng.Test1 -->
